0 info it worked if it ends with ok
1 verbose cli [ 'C:\\Program Files\\nodejs\\node.exe',
1 verbose cli   'C:\\Program Files\\nodejs\\node_modules\\npm\\bin\\npm-cli.js',
1 verbose cli   'start' ]
2 info using npm@3.10.10
3 info using node@v6.17.1
4 verbose run-script [ 'prestart', 'start', 'poststart' ]
5 info lifecycle lazy-days-spa@0.1.0~prestart: lazy-days-spa@0.1.0
6 silly lifecycle lazy-days-spa@0.1.0~prestart: no script for prestart, continuing
7 info lifecycle lazy-days-spa@0.1.0~start: lazy-days-spa@0.1.0
8 verbose lifecycle lazy-days-spa@0.1.0~start: unsafe-perm in lifecycle true
9 verbose lifecycle lazy-days-spa@0.1.0~start: PATH: C:\Users\1\AppData\Roaming\nvm\v6.17.1\node_modules\npm\bin\node-gyp-bin;C:\Users\1\learn\base-lazy-days\client\node_modules\.bin;C:\Windows\system32;C:\Windows;C:\Windows\System32\Wbem;C:\Windows\System32\WindowsPowerShell\v1.0\;C:\Windows\System32\OpenSSH\;C:\Program Files\Git\cmd;C:\Users\1\AppData\Roaming\nvm;C:\Program Files\nodejs;C:\Program Files\TortoiseGit\bin;%AppData%\npm;C:\Program Files\PuTTY\;C:\laragon\bin\php\php-7.4.19-Win32-vc15-x64;C:\ProgramData\ComposerSetup\bin;C:\Users\1\AppData\Local\Programs\Python\Python310\Scripts\;C:\Users\1\AppData\Local\Programs\Python\Python310\;C:\Users\1\AppData\Local\Programs\Python\Python39\Scripts\;C:\Users\1\AppData\Local\Programs\Python\Python39\;C:\Users\1\AppData\Local\Microsoft\WindowsApps;C:\Users\1\AppData\Local\Programs\Microsoft VS Code\bin;C:\Users\1\AppData\Roaming\nvm;C:\Program Files\nodejs;C:\Program Files\JetBrains\PhpStorm 2021.1.4\bin;;C:\Users\1\AppData\Roaming\Composer\vendor\bin;C:\Program Files (x86)\BrowserStackLocal\
10 verbose lifecycle lazy-days-spa@0.1.0~start: CWD: C:\Users\1\learn\base-lazy-days\client
11 silly lifecycle lazy-days-spa@0.1.0~start: Args: [ '/d /s /c', 'react-scripts start' ]
12 silly lifecycle lazy-days-spa@0.1.0~start: Returned: code: 1  signal: null
13 info lifecycle lazy-days-spa@0.1.0~start: Failed to exec start script
14 verbose stack Error: lazy-days-spa@0.1.0 start: `react-scripts start`
14 verbose stack Exit status 1
14 verbose stack     at EventEmitter.<anonymous> (C:\Users\1\AppData\Roaming\nvm\v6.17.1\node_modules\npm\lib\utils\lifecycle.js:255:16)
14 verbose stack     at emitTwo (events.js:106:13)
14 verbose stack     at EventEmitter.emit (events.js:191:7)
14 verbose stack     at ChildProcess.<anonymous> (C:\Users\1\AppData\Roaming\nvm\v6.17.1\node_modules\npm\lib\utils\spawn.js:40:14)
14 verbose stack     at emitTwo (events.js:106:13)
14 verbose stack     at ChildProcess.emit (events.js:191:7)
14 verbose stack     at maybeClose (internal/child_process.js:920:16)
14 verbose stack     at Process.ChildProcess._handle.onexit (internal/child_process.js:230:5)
15 verbose pkgid lazy-days-spa@0.1.0
16 verbose cwd C:\Users\1\learn\base-lazy-days\client
17 error Windows_NT 10.0.19042
18 error argv "C:\\Program Files\\nodejs\\node.exe" "C:\\Program Files\\nodejs\\node_modules\\npm\\bin\\npm-cli.js" "start"
19 error node v6.17.1
20 error npm  v3.10.10
21 error code ELIFECYCLE
22 error lazy-days-spa@0.1.0 start: `react-scripts start`
22 error Exit status 1
23 error Failed at the lazy-days-spa@0.1.0 start script 'react-scripts start'.
23 error Make sure you have the latest version of node.js and npm installed.
23 error If you do, this is most likely a problem with the lazy-days-spa package,
23 error not with npm itself.
23 error Tell the author that this fails on your system:
23 error     react-scripts start
23 error You can get information on how to open an issue for this project with:
23 error     npm bugs lazy-days-spa
23 error Or if that isn't available, you can get their info via:
23 error     npm owner ls lazy-days-spa
23 error There is likely additional logging output above.
24 verbose exit [ 1, true ]
